<?xml version="1.0" encoding="UTF-8"?>
<!-- Generated by org.testng.reporters.JUnitReportReporter -->
<testsuite skipped="0" hostname="DESKTOP-O8MMCF7" name="qaclickacademy.SeleniumTest" tests="2" failures="0" timestamp="23 Oct 2018 08:15:40 GMT" time="0.054" errors="0">
  <testcase name="elementsUi" time="0.004" classname="qaclickacademy.SeleniumTest"/>
  <testcase name="BrowserAUtomation" time="0.050" classname="qaclickacademy.SeleniumTest"/>
</testsuite> <!-- qaclickacademy.SeleniumTest -->
