<?xml version="1.0" encoding="UTF-8"?>
<!-- Generated by org.testng.reporters.JUnitReportReporter -->
<testsuite skipped="0" hostname="DESKTOP-O8MMCF7" name="qaclickacademy.RESTAPITest" tests="2" failures="0" timestamp="23 Oct 2018 08:15:40 GMT" time="0.008" errors="0">
  <testcase name="postJira" time="0.005" classname="qaclickacademy.RESTAPITest"/>
  <testcase name="deleteTwitter" time="0.003" classname="qaclickacademy.RESTAPITest"/>
</testsuite> <!-- qaclickacademy.RESTAPITest -->
