<?xml version="1.0" encoding="UTF-8"?>
<!-- Generated by org.testng.reporters.JUnitReportReporter -->
<testsuite skipped="0" hostname="DESKTOP-O8MMCF7" name="qaclickacademy.AppiumTest" tests="2" failures="0" timestamp="14 Nov 2018 12:42:44 GMT" time="0.003" errors="0">
  <testcase name="IOSApps" time="0.001" classname="qaclickacademy.AppiumTest"/>
  <testcase name="NativeAPpAndroid" time="0.002" classname="qaclickacademy.AppiumTest"/>
</testsuite> <!-- qaclickacademy.AppiumTest -->
