<?xml version="1.0" encoding="UTF-8"?>
<!-- Generated by org.testng.reporters.JUnitReportReporter -->
<testsuite skipped="0" hostname="DESKTOP-O8MMCF7" name="qaclickacademy.SeleniumTest" tests="2" failures="0" timestamp="14 Nov 2018 12:42:44 GMT" time="0.021" errors="0">
  <testcase name="BrowserAUtomation" time="0.021" classname="qaclickacademy.SeleniumTest"/>
  <testcase name="elementsUi" time="0.000" classname="qaclickacademy.SeleniumTest"/>
</testsuite> <!-- qaclickacademy.SeleniumTest -->
